2015-04-12 15:04:32,381 DEBUG [org.springframework.web.filter.CharacterEncodingFilter] - Initializing filter 'encoding'
2015-04-12 15:04:32,463 DEBUG [org.springframework.web.filter.CharacterEncodingFilter] - Filter 'encoding' configured successfully
2015-04-12 15:04:32,474 DEBUG [org.springframework.web.servlet.DispatcherServlet] - Initializing servlet 'spring'
2015-04-12 15:04:32,477 INFO [org.springframework.web.servlet.DispatcherServlet] - FrameworkServlet 'spring': initialization started
2015-04-12 15:04:32,477 DEBUG [org.springframework.web.servlet.DispatcherServlet] - Servlet with name 'spring' will try to create custom WebApplicationContext context of class 'org.springframework.web.context.support.XmlWebApplicationContext', using parent context [Root WebApplicationContext: startup date [Sun Apr 12 15:04:32 CST 2015]; root of context hierarchy]
2015-04-12 15:04:32,481 INFO [org.springframework.web.context.support.XmlWebApplicationContext] - Refreshing WebApplicationContext for namespace 'spring-servlet': startup date [Sun Apr 12 15:04:32 CST 2015]; parent: Root WebApplicationContext
2015-04-12 15:04:32,482 INFO [org.springframework.beans.factory.xml.XmlBeanDefinitionReader] - Loading XML bean definitions from ServletContext resource [/WEB-INF/spring-servlet.xml]
2015-04-12 15:04:32,485 DEBUG [org.springframework.beans.factory.xml.DefaultDocumentLoader] - Using JAXP provider [com.sun.org.apache.xerces.internal.jaxp.DocumentBuilderFactoryImpl]
2015-04-12 15:04:32,556 DEBUG [org.springframework.beans.factory.xml.PluggableSchemaResolver] - Loading schema mappings from [META-INF/spring.schemas]
2015-04-12 15:04:32,558 DEBUG [org.springframework.beans.factory.xml.PluggableSchemaResolver] - Loaded schema mappings: {http://www.springframework.org/schema/oxm/spring-oxm-3.0.xsd=org/springframework/oxm/config/spring-oxm-3.0.xsd, http://www.springframework.org/schema/util/spring-util.xsd=org/springframework/beans/factory/xml/spring-util-3.0.xsd, http://www.springframework.org/schema/task/spring-task.xsd=org/springframework/scheduling/config/spring-task-3.0.xsd, http://www.springframework.org/schema/aop/spring-aop-3.0.xsd=org/springframework/aop/config/spring-aop-3.0.xsd, http://www.springframework.org/schema/aop/spring-aop-2.0.xsd=org/springframework/aop/config/spring-aop-2.0.xsd, http://www.springframework.org/schema/oxm/spring-oxm.xsd=org/springframework/oxm/config/spring-oxm-3.0.xsd, http://www.springframework.org/schema/tool/spring-tool-2.5.xsd=org/springframework/beans/factory/xml/spring-tool-2.5.xsd, http://www.springframework.org/schema/beans/spring-beans.xsd=org/springframework/beans/factory/xml/spring-beans-3.0.xsd, http://www.springframework.org/schema/jee/spring-jee-2.5.xsd=org/springframework/ejb/config/spring-jee-2.5.xsd, http://www.springframework.org/schema/aop/spring-aop.xsd=org/springframework/aop/config/spring-aop-3.0.xsd, http://www.springframework.org/schema/beans/spring-beans-2.0.xsd=org/springframework/beans/factory/xml/spring-beans-2.0.xsd, http://www.springframework.org/schema/mvc/spring-mvc-3.0.xsd=org/springframework/web/servlet/config/spring-mvc-3.0.xsd, http://www.springframework.org/schema/beans/spring-beans-3.0.xsd=org/springframework/beans/factory/xml/spring-beans-3.0.xsd, http://www.springframework.org/schema/task/spring-task-3.0.xsd=org/springframework/scheduling/config/spring-task-3.0.xsd, http://www.springframework.org/schema/tx/spring-tx-2.5.xsd=org/springframework/transaction/config/spring-tx-2.5.xsd, http://www.springframework.org/schema/context/spring-context-2.5.xsd=org/springframework/context/config/spring-context-2.5.xsd, http://www.springframework.org/schema/jdbc/spring-jdbc-3.0.xsd=org/springframework/jdbc/config/spring-jdbc-3.0.xsd, http://www.springframework.org/schema/tool/spring-tool-3.0.xsd=org/springframework/beans/factory/xml/spring-tool-3.0.xsd, http://www.springframework.org/schema/tx/spring-tx.xsd=org/springframework/transaction/config/spring-tx-3.0.xsd, http://www.springframework.org/schema/tool/spring-tool-2.0.xsd=org/springframework/beans/factory/xml/spring-tool-2.0.xsd, http://www.springframework.org/schema/util/spring-util-2.5.xsd=org/springframework/beans/factory/xml/spring-util-2.5.xsd, http://www.springframework.org/schema/lang/spring-lang.xsd=org/springframework/scripting/config/spring-lang-3.0.xsd, http://www.springframework.org/schema/lang/spring-lang-2.5.xsd=org/springframework/scripting/config/spring-lang-2.5.xsd, http://www.springframework.org/schema/jee/spring-jee-3.0.xsd=org/springframework/ejb/config/spring-jee-3.0.xsd, http://www.springframework.org/schema/jee/spring-jee-2.0.xsd=org/springframework/ejb/config/spring-jee-2.0.xsd, http://www.springframework.org/schema/context/spring-context.xsd=org/springframework/context/config/spring-context-3.0.xsd, http://www.springframework.org/schema/jee/spring-jee.xsd=org/springframework/ejb/config/spring-jee-3.0.xsd, http://www.springframework.org/schema/aop/spring-aop-2.5.xsd=org/springframework/aop/config/spring-aop-2.5.xsd, http://www.springframework.org/schema/mvc/spring-mvc.xsd=org/springframework/web/servlet/config/spring-mvc-3.0.xsd, http://www.springframework.org/schema/jdbc/spring-jdbc.xsd=org/springframework/jdbc/config/spring-jdbc-3.0.xsd, http://www.springframework.org/schema/tx/spring-tx-2.0.xsd=org/springframework/transaction/config/spring-tx-2.0.xsd, http://www.springframework.org/schema/tx/spring-tx-3.0.xsd=org/springframework/transaction/config/spring-tx-3.0.xsd, http://www.springframework.org/schema/context/spring-context-3.0.xsd=org/springframework/context/config/spring-context-3.0.xsd, http://www.springframework.org/schema/tool/spring-tool.xsd=org/springframework/beans/factory/xml/spring-tool-3.0.xsd, http://www.springframework.org/schema/util/spring-util-3.0.xsd=org/springframework/beans/factory/xml/spring-util-3.0.xsd, http://www.springframework.org/schema/lang/spring-lang-3.0.xsd=org/springframework/scripting/config/spring-lang-3.0.xsd, http://www.springframework.org/schema/util/spring-util-2.0.xsd=org/springframework/beans/factory/xml/spring-util-2.0.xsd, http://www.springframework.org/schema/lang/spring-lang-2.0.xsd=org/springframework/scripting/config/spring-lang-2.0.xsd, http://www.springframework.org/schema/beans/spring-beans-2.5.xsd=org/springframework/beans/factory/xml/spring-beans-2.5.xsd}
2015-04-12 15:04:32,558 DEBUG [org.springframework.beans.factory.xml.PluggableSchemaResolver] - Found XML schema [http://www.springframework.org/schema/beans/spring-beans-3.0.xsd] in classpath: org/springframework/beans/factory/xml/spring-beans-3.0.xsd
2015-04-12 15:04:32,610 DEBUG [org.springframework.beans.factory.xml.PluggableSchemaResolver] - Found XML schema [http://www.springframework.org/schema/context/spring-context-3.0.xsd] in classpath: org/springframework/context/config/spring-context-3.0.xsd
2015-04-12 15:04:32,615 DEBUG [org.springframework.beans.factory.xml.PluggableSchemaResolver] - Found XML schema [http://www.springframework.org/schema/tool/spring-tool-3.0.xsd] in classpath: org/springframework/beans/factory/xml/spring-tool-3.0.xsd
2015-04-12 15:04:32,621 DEBUG [org.springframework.beans.factory.xml.PluggableSchemaResolver] - Found XML schema [http://www.springframework.org/schema/mvc/spring-mvc-3.0.xsd] in classpath: org/springframework/web/servlet/config/spring-mvc-3.0.xsd
2015-04-12 15:04:32,631 DEBUG [org.springframework.beans.factory.xml.DefaultBeanDefinitionDocumentReader] - Loading bean definitions
2015-04-12 15:04:32,649 DEBUG [org.springframework.beans.factory.xml.BeanDefinitionParserDelegate] - Neither XML 'id' nor 'name' specified - using generated bean name [com.alibaba.fastjson.support.spring.FastJsonHttpMessageConverter#58e42770]
2015-04-12 15:04:32,650 DEBUG [org.springframework.beans.factory.xml.BeanDefinitionParserDelegate] - Neither XML 'id' nor 'name' specified - using generated bean name [org.springframework.web.servlet.mvc.annotation.AnnotationMethodHandlerAdapter#0]
2015-04-12 15:04:32,653 DEBUG [org.springframework.beans.factory.xml.DefaultNamespaceHandlerResolver] - Loaded NamespaceHandler mappings: {http://www.springframework.org/schema/p=org.springframework.beans.factory.xml.SimplePropertyNamespaceHandler, http://www.springframework.org/schema/mvc=org.springframework.web.servlet.config.MvcNamespaceHandler, http://www.springframework.org/schema/util=org.springframework.beans.factory.xml.UtilNamespaceHandler, http://www.springframework.org/schema/jee=org.springframework.ejb.config.JeeNamespaceHandler, http://www.springframework.org/schema/aop=org.springframework.aop.config.AopNamespaceHandler, http://www.springframework.org/schema/oxm=org.springframework.oxm.config.OxmNamespaceHandler, http://www.springframework.org/schema/jdbc=org.springframework.jdbc.config.JdbcNamespaceHandler, http://www.springframework.org/schema/tx=org.springframework.transaction.config.TxNamespaceHandler, http://www.springframework.org/schema/task=org.springframework.scheduling.config.TaskNamespaceHandler, http://www.springframework.org/schema/lang=org.springframework.scripting.config.LangNamespaceHandler, http://www.springframework.org/schema/context=org.springframework.context.config.ContextNamespaceHandler}
2015-04-12 15:04:32,693 DEBUG [org.springframework.beans.factory.xml.BeanDefinitionParserDelegate] - Neither XML 'id' nor 'name' specified - using generated bean name [org.springframework.web.servlet.handler.BeanNameUrlHandlerMapping#0]
2015-04-12 15:04:32,693 DEBUG [org.springframework.beans.factory.xml.BeanDefinitionParserDelegate] - Neither XML 'id' nor 'name' specified - using generated bean name [org.springframework.web.servlet.mvc.SimpleControllerHandlerAdapter#0]
2015-04-12 15:04:32,696 DEBUG [org.springframework.beans.factory.xml.XmlBeanDefinitionReader] - Loaded 12 bean definitions from location pattern [/WEB-INF/spring-servlet.xml]
2015-04-12 15:04:32,696 DEBUG [org.springframework.web.context.support.XmlWebApplicationContext] - Bean factory for WebApplicationContext for namespace 'spring-servlet': org.springframework.beans.factory.support.DefaultListableBeanFactory@34494208: defining beans [org.springframework.web.servlet.mvc.annotation.AnnotationMethodHandlerAdapter#0,org.springframework.context.annotation.internalConfigurationAnnotationProcessor,org.springframework.context.annotation.internalAutowiredAnnotationProcessor,org.springframework.context.annotation.internalRequiredAnnotationProcessor,org.springframework.context.annotation.internalCommonAnnotationProcessor,org.springframework.web.servlet.mvc.annotation.DefaultAnnotationHandlerMapping#0,org.springframework.format.support.FormattingConversionServiceFactoryBean#0,org.springframework.web.servlet.mvc.annotation.AnnotationMethodHandlerAdapter#1,org.springframework.web.servlet.handler.BeanNameUrlHandlerMapping#0,org.springframework.web.servlet.mvc.SimpleControllerHandlerAdapter#0,velocityConfig,viewResolver]; parent: org.springframework.beans.factory.support.DefaultListableBeanFactory@ad5a2ce
2015-04-12 15:04:32,716 DEBUG [org.springframework.beans.factory.support.DefaultListableBeanFactory] - Creating shared instance of singleton bean 'org.springframework.context.annotation.internalConfigurationAnnotationProcessor'
2015-04-12 15:04:32,717 DEBUG [org.springframework.beans.factory.support.DefaultListableBeanFactory] - Creating instance of bean 'org.springframework.context.annotation.internalConfigurationAnnotationProcessor'
2015-04-12 15:04:32,743 DEBUG [org.springframework.beans.factory.support.DefaultListableBeanFactory] - Eagerly caching bean 'org.springframework.context.annotation.internalConfigurationAnnotationProcessor' to allow for resolving potential circular references
2015-04-12 15:04:32,745 DEBUG [org.springframework.beans.factory.support.DefaultListableBeanFactory] - Finished creating instance of bean 'org.springframework.context.annotation.internalConfigurationAnnotationProcessor'
2015-04-12 15:04:32,788 DEBUG [org.springframework.beans.factory.support.DefaultListableBeanFactory] - Creating shared instance of singleton bean 'org.springframework.context.annotation.internalAutowiredAnnotationProcessor'
2015-04-12 15:04:32,788 DEBUG [org.springframework.beans.factory.support.DefaultListableBeanFactory] - Creating instance of bean 'org.springframework.context.annotation.internalAutowiredAnnotationProcessor'
2015-04-12 15:04:32,789 INFO [org.springframework.beans.factory.annotation.AutowiredAnnotationBeanPostProcessor] - JSR-330 'javax.inject.Inject' annotation found and supported for autowiring
2015-04-12 15:04:32,789 DEBUG [org.springframework.beans.factory.support.DefaultListableBeanFactory] - Eagerly caching bean 'org.springframework.context.annotation.internalAutowiredAnnotationProcessor' to allow for resolving potential circular references
2015-04-12 15:04:32,789 DEBUG [org.springframework.beans.factory.support.DefaultListableBeanFactory] - Finished creating instance of bean 'org.springframework.context.annotation.internalAutowiredAnnotationProcessor'
2015-04-12 15:04:32,789 DEBUG [org.springframework.beans.factory.support.DefaultListableBeanFactory] - Creating shared instance of singleton bean 'org.springframework.context.annotation.internalRequiredAnnotationProcessor'
2015-04-12 15:04:32,789 DEBUG [org.springframework.beans.factory.support.DefaultListableBeanFactory] - Creating instance of bean 'org.springframework.context.annotation.internalRequiredAnnotationProcessor'
2015-04-12 15:04:32,790 DEBUG [org.springframework.beans.factory.support.DefaultListableBeanFactory] - Eagerly caching bean 'org.springframework.context.annotation.internalRequiredAnnotationProcessor' to allow for resolving potential circular references
2015-04-12 15:04:32,790 DEBUG [org.springframework.beans.factory.support.DefaultListableBeanFactory] - Finished creating instance of bean 'org.springframework.context.annotation.internalRequiredAnnotationProcessor'
2015-04-12 15:04:32,790 DEBUG [org.springframework.beans.factory.support.DefaultListableBeanFactory] - Creating shared instance of singleton bean 'org.springframework.context.annotation.internalCommonAnnotationProcessor'
2015-04-12 15:04:32,790 DEBUG [org.springframework.beans.factory.support.DefaultListableBeanFactory] - Creating instance of bean 'org.springframework.context.annotation.internalCommonAnnotationProcessor'
2015-04-12 15:04:32,796 DEBUG [org.springframework.beans.factory.support.DefaultListableBeanFactory] - Eagerly caching bean 'org.springframework.context.annotation.internalCommonAnnotationProcessor' to allow for resolving potential circular references
2015-04-12 15:04:32,796 DEBUG [org.springframework.beans.factory.support.DefaultListableBeanFactory] - Finished creating instance of bean 'org.springframework.context.annotation.internalCommonAnnotationProcessor'
2015-04-12 15:04:32,796 DEBUG [org.springframework.web.context.support.XmlWebApplicationContext] - Unable to locate MessageSource with name 'messageSource': using default [org.springframework.context.support.DelegatingMessageSource@12b3b817]
2015-04-12 15:04:32,797 DEBUG [org.springframework.web.context.support.XmlWebApplicationContext] - Unable to locate ApplicationEventMulticaster with name 'applicationEventMulticaster': using default [org.springframework.context.event.SimpleApplicationEventMulticaster@54faf798]
2015-04-12 15:04:32,797 DEBUG [org.springframework.ui.context.support.UiApplicationContextUtils] - Unable to locate ThemeSource with name 'themeSource': using default [org.springframework.ui.context.support.DelegatingThemeSource@60991fc2]
2015-04-12 15:04:32,797 INFO [org.springframework.beans.factory.support.DefaultListableBeanFactory] - Pre-instantiating singletons in org.springframework.beans.factory.support.DefaultListableBeanFactory@34494208: defining beans [org.springframework.web.servlet.mvc.annotation.AnnotationMethodHandlerAdapter#0,org.springframework.context.annotation.internalConfigurationAnnotationProcessor,org.springframework.context.annotation.internalAutowiredAnnotationProcessor,org.springframework.context.annotation.internalRequiredAnnotationProcessor,org.springframework.context.annotation.internalCommonAnnotationProcessor,org.springframework.web.servlet.mvc.annotation.DefaultAnnotationHandlerMapping#0,org.springframework.format.support.FormattingConversionServiceFactoryBean#0,org.springframework.web.servlet.mvc.annotation.AnnotationMethodHandlerAdapter#1,org.springframework.web.servlet.handler.BeanNameUrlHandlerMapping#0,org.springframework.web.servlet.mvc.SimpleControllerHandlerAdapter#0,velocityConfig,viewResolver]; parent: org.springframework.beans.factory.support.DefaultListableBeanFactory@ad5a2ce
2015-04-12 15:04:32,797 DEBUG [org.springframework.beans.factory.support.DefaultListableBeanFactory] - Creating shared instance of singleton bean 'org.springframework.web.servlet.mvc.annotation.AnnotationMethodHandlerAdapter#0'
2015-04-12 15:04:32,797 DEBUG [org.springframework.beans.factory.support.DefaultListableBeanFactory] - Creating instance of bean 'org.springframework.web.servlet.mvc.annotation.AnnotationMethodHandlerAdapter#0'
2015-04-12 15:04:32,936 DEBUG [org.springframework.beans.factory.support.DefaultListableBeanFactory] - Eagerly caching bean 'org.springframework.web.servlet.mvc.annotation.AnnotationMethodHandlerAdapter#0' to allow for resolving potential circular references
2015-04-12 15:04:32,956 DEBUG [org.springframework.beans.factory.support.DefaultListableBeanFactory] - Creating instance of bean 'com.alibaba.fastjson.support.spring.FastJsonHttpMessageConverter#58e42770'
2015-04-12 15:04:32,969 DEBUG [org.springframework.beans.factory.support.DefaultListableBeanFactory] - Finished creating instance of bean 'com.alibaba.fastjson.support.spring.FastJsonHttpMessageConverter#58e42770'
2015-04-12 15:04:32,979 DEBUG [org.springframework.beans.factory.support.DefaultListableBeanFactory] - Finished creating instance of bean 'org.springframework.web.servlet.mvc.annotation.AnnotationMethodHandlerAdapter#0'
2015-04-12 15:04:32,979 DEBUG [org.springframework.beans.factory.support.DefaultListableBeanFactory] - Returning cached instance of singleton bean 'org.springframework.context.annotation.internalConfigurationAnnotationProcessor'
2015-04-12 15:04:32,979 DEBUG [org.springframework.beans.factory.support.DefaultListableBeanFactory] - Returning cached instance of singleton bean 'org.springframework.context.annotation.internalAutowiredAnnotationProcessor'
2015-04-12 15:04:32,979 DEBUG [org.springframework.beans.factory.support.DefaultListableBeanFactory] - Returning cached instance of singleton bean 'org.springframework.context.annotation.internalRequiredAnnotationProcessor'
2015-04-12 15:04:32,979 DEBUG [org.springframework.beans.factory.support.DefaultListableBeanFactory] - Returning cached instance of singleton bean 'org.springframework.context.annotation.internalCommonAnnotationProcessor'
2015-04-12 15:04:32,980 DEBUG [org.springframework.beans.factory.support.DefaultListableBeanFactory] - Creating shared instance of singleton bean 'org.springframework.web.servlet.mvc.annotation.DefaultAnnotationHandlerMapping#0'
2015-04-12 15:04:32,980 DEBUG [org.springframework.beans.factory.support.DefaultListableBeanFactory] - Creating instance of bean 'org.springframework.web.servlet.mvc.annotation.DefaultAnnotationHandlerMapping#0'
2015-04-12 15:04:32,981 DEBUG [org.springframework.beans.factory.support.DefaultListableBeanFactory] - Eagerly caching bean 'org.springframework.web.servlet.mvc.annotation.DefaultAnnotationHandlerMapping#0' to allow for resolving potential circular references
2015-04-12 15:04:33,009 DEBUG [org.springframework.web.servlet.mvc.annotation.DefaultAnnotationHandlerMapping] - Looking for URL mappings in application context: WebApplicationContext for namespace 'spring-servlet': startup date [Sun Apr 12 15:04:32 CST 2015]; parent: Root WebApplicationContext
2015-04-12 15:04:33,011 DEBUG [org.springframework.web.servlet.mvc.annotation.DefaultAnnotationHandlerMapping] - Rejected bean name 'org.springframework.web.servlet.mvc.annotation.AnnotationMethodHandlerAdapter#0': no URL paths identified
2015-04-12 15:04:33,011 DEBUG [org.springframework.web.servlet.mvc.annotation.DefaultAnnotationHandlerMapping] - Rejected bean name 'org.springframework.context.annotation.internalConfigurationAnnotationProcessor': no URL paths identified
2015-04-12 15:04:33,011 DEBUG [org.springframework.web.servlet.mvc.annotation.DefaultAnnotationHandlerMapping] - Rejected bean name 'org.springframework.context.annotation.internalAutowiredAnnotationProcessor': no URL paths identified
2015-04-12 15:04:33,011 DEBUG [org.springframework.web.servlet.mvc.annotation.DefaultAnnotationHandlerMapping] - Rejected bean name 'org.springframework.context.annotation.internalRequiredAnnotationProcessor': no URL paths identified
2015-04-12 15:04:33,011 DEBUG [org.springframework.web.servlet.mvc.annotation.DefaultAnnotationHandlerMapping] - Rejected bean name 'org.springframework.context.annotation.internalCommonAnnotationProcessor': no URL paths identified
2015-04-12 15:04:33,012 DEBUG [org.springframework.web.servlet.mvc.annotation.DefaultAnnotationHandlerMapping] - Rejected bean name 'org.springframework.web.servlet.mvc.annotation.DefaultAnnotationHandlerMapping#0': no URL paths identified
2015-04-12 15:04:33,012 DEBUG [org.springframework.web.servlet.mvc.annotation.DefaultAnnotationHandlerMapping] - Rejected bean name 'org.springframework.format.support.FormattingConversionServiceFactoryBean#0': no URL paths identified
2015-04-12 15:04:33,012 DEBUG [org.springframework.web.servlet.mvc.annotation.DefaultAnnotationHandlerMapping] - Rejected bean name 'org.springframework.web.servlet.mvc.annotation.AnnotationMethodHandlerAdapter#1': no URL paths identified
2015-04-12 15:04:33,012 DEBUG [org.springframework.web.servlet.mvc.annotation.DefaultAnnotationHandlerMapping] - Rejected bean name 'org.springframework.web.servlet.handler.BeanNameUrlHandlerMapping#0': no URL paths identified
2015-04-12 15:04:33,012 DEBUG [org.springframework.web.servlet.mvc.annotation.DefaultAnnotationHandlerMapping] - Rejected bean name 'org.springframework.web.servlet.mvc.SimpleControllerHandlerAdapter#0': no URL paths identified
2015-04-12 15:04:33,013 DEBUG [org.springframework.web.servlet.mvc.annotation.DefaultAnnotationHandlerMapping] - Rejected bean name 'velocityConfig': no URL paths identified
2015-04-12 15:04:33,013 DEBUG [org.springframework.web.servlet.mvc.annotation.DefaultAnnotationHandlerMapping] - Rejected bean name 'viewResolver': no URL paths identified
2015-04-12 15:04:33,013 DEBUG [org.springframework.web.servlet.mvc.annotation.DefaultAnnotationHandlerMapping] - Rejected bean name 'servletConfig': no URL paths identified
2015-04-12 15:04:33,013 DEBUG [org.springframework.web.servlet.mvc.annotation.DefaultAnnotationHandlerMapping] - Rejected bean name 'messageSource': no URL paths identified
2015-04-12 15:04:33,013 DEBUG [org.springframework.web.servlet.mvc.annotation.DefaultAnnotationHandlerMapping] - Rejected bean name 'applicationEventMulticaster': no URL paths identified
2015-04-12 15:04:33,013 DEBUG [org.springframework.beans.factory.support.DefaultListableBeanFactory] - Finished creating instance of bean 'org.springframework.web.servlet.mvc.annotation.DefaultAnnotationHandlerMapping#0'
2015-04-12 15:04:33,013 DEBUG [org.springframework.beans.factory.support.DefaultListableBeanFactory] - Creating shared instance of singleton bean 'org.springframework.format.support.FormattingConversionServiceFactoryBean#0'
2015-04-12 15:04:33,013 DEBUG [org.springframework.beans.factory.support.DefaultListableBeanFactory] - Creating instance of bean 'org.springframework.format.support.FormattingConversionServiceFactoryBean#0'
2015-04-12 15:04:33,013 DEBUG [org.springframework.beans.factory.support.DefaultListableBeanFactory] - Eagerly caching bean 'org.springframework.format.support.FormattingConversionServiceFactoryBean#0' to allow for resolving potential circular references
2015-04-12 15:04:33,018 DEBUG [org.springframework.beans.factory.support.DefaultListableBeanFactory] - Invoking afterPropertiesSet() on bean with name 'org.springframework.format.support.FormattingConversionServiceFactoryBean#0'
2015-04-12 15:04:33,042 DEBUG [org.springframework.beans.factory.support.DefaultListableBeanFactory] - Finished creating instance of bean 'org.springframework.format.support.FormattingConversionServiceFactoryBean#0'
2015-04-12 15:04:33,042 DEBUG [org.springframework.beans.factory.support.DefaultListableBeanFactory] - Creating shared instance of singleton bean 'org.springframework.web.servlet.mvc.annotation.AnnotationMethodHandlerAdapter#1'
2015-04-12 15:04:33,042 DEBUG [org.springframework.beans.factory.support.DefaultListableBeanFactory] - Creating instance of bean 'org.springframework.web.servlet.mvc.annotation.AnnotationMethodHandlerAdapter#1'
2015-04-12 15:04:33,044 DEBUG [org.springframework.beans.factory.support.DefaultListableBeanFactory] - Eagerly caching bean 'org.springframework.web.servlet.mvc.annotation.AnnotationMethodHandlerAdapter#1' to allow for resolving potential circular references
2015-04-12 15:04:33,044 DEBUG [org.springframework.beans.factory.support.DefaultListableBeanFactory] - Creating instance of bean '(inner bean)'
2015-04-12 15:04:33,056 DEBUG [org.springframework.beans.factory.support.DefaultListableBeanFactory] - Returning cached instance of singleton bean 'org.springframework.format.support.FormattingConversionServiceFactoryBean#0'
2015-04-12 15:04:33,056 DEBUG [org.springframework.beans.factory.support.DefaultListableBeanFactory] - Finished creating instance of bean '(inner bean)'
2015-04-12 15:04:33,056 DEBUG [org.springframework.beans.factory.support.DefaultListableBeanFactory] - Creating instance of bean '(inner bean)#1'
2015-04-12 15:04:33,381 DEBUG [org.springframework.beans.factory.support.DefaultListableBeanFactory] - Finished creating instance of bean '(inner bean)#1'
2015-04-12 15:04:33,381 DEBUG [org.springframework.beans.factory.support.DefaultListableBeanFactory] - Creating instance of bean '(inner bean)#2'
2015-04-12 15:04:33,399 DEBUG [org.springframework.beans.factory.support.DefaultListableBeanFactory] - Finished creating instance of bean '(inner bean)#2'
2015-04-12 15:04:33,399 DEBUG [org.springframework.beans.factory.support.DefaultListableBeanFactory] - Creating instance of bean '(inner bean)#3'
2015-04-12 15:04:33,412 DEBUG [org.springframework.beans.factory.support.DefaultListableBeanFactory] - Finished creating instance of bean '(inner bean)#3'
2015-04-12 15:04:33,413 DEBUG [org.springframework.beans.factory.support.DefaultListableBeanFactory] - Creating instance of bean '(inner bean)#4'
2015-04-12 15:04:33,429 DEBUG [org.springframework.beans.factory.support.DefaultListableBeanFactory] - Finished creating instance of bean '(inner bean)#4'
2015-04-12 15:04:33,429 DEBUG [org.springframework.beans.factory.support.DefaultListableBeanFactory] - Creating instance of bean '(inner bean)#5'
2015-04-12 15:04:33,446 DEBUG [org.springframework.beans.factory.support.DefaultListableBeanFactory] - Finished creating instance of bean '(inner bean)#5'
2015-04-12 15:04:33,446 DEBUG [org.springframework.beans.factory.support.DefaultListableBeanFactory] - Creating instance of bean '(inner bean)#6'
2015-04-12 15:04:33,602 DEBUG [org.springframework.beans.factory.support.DefaultListableBeanFactory] - Finished creating instance of bean '(inner bean)#6'
2015-04-12 15:04:33,602 DEBUG [org.springframework.beans.factory.support.DefaultListableBeanFactory] - Finished creating instance of bean 'org.springframework.web.servlet.mvc.annotation.AnnotationMethodHandlerAdapter#1'
2015-04-12 15:04:33,602 DEBUG [org.springframework.beans.factory.support.DefaultListableBeanFactory] - Creating shared instance of singleton bean 'org.springframework.web.servlet.handler.BeanNameUrlHandlerMapping#0'
2015-04-12 15:04:33,602 DEBUG [org.springframework.beans.factory.support.DefaultListableBeanFactory] - Creating instance of bean 'org.springframework.web.servlet.handler.BeanNameUrlHandlerMapping#0'
2015-04-12 15:04:33,603 DEBUG [org.springframework.beans.factory.support.DefaultListableBeanFactory] - Eagerly caching bean 'org.springframework.web.servlet.handler.BeanNameUrlHandlerMapping#0' to allow for resolving potential circular references
2015-04-12 15:04:33,621 DEBUG [org.springframework.web.servlet.handler.BeanNameUrlHandlerMapping] - Looking for URL mappings in application context: WebApplicationContext for namespace 'spring-servlet': startup date [Sun Apr 12 15:04:32 CST 2015]; parent: Root WebApplicationContext
2015-04-12 15:04:33,622 DEBUG [org.springframework.web.servlet.handler.BeanNameUrlHandlerMapping] - Rejected bean name 'org.springframework.web.servlet.mvc.annotation.AnnotationMethodHandlerAdapter#0': no URL paths identified
2015-04-12 15:04:33,622 DEBUG [org.springframework.web.servlet.handler.BeanNameUrlHandlerMapping] - Rejected bean name 'org.springframework.context.annotation.internalConfigurationAnnotationProcessor': no URL paths identified
2015-04-12 15:04:33,622 DEBUG [org.springframework.web.servlet.handler.BeanNameUrlHandlerMapping] - Rejected bean name 'org.springframework.context.annotation.internalAutowiredAnnotationProcessor': no URL paths identified
2015-04-12 15:04:33,622 DEBUG [org.springframework.web.servlet.handler.BeanNameUrlHandlerMapping] - Rejected bean name 'org.springframework.context.annotation.internalRequiredAnnotationProcessor': no URL paths identified
2015-04-12 15:04:33,622 DEBUG [org.springframework.web.servlet.handler.BeanNameUrlHandlerMapping] - Rejected bean name 'org.springframework.context.annotation.internalCommonAnnotationProcessor': no URL paths identified
2015-04-12 15:04:33,622 DEBUG [org.springframework.web.servlet.handler.BeanNameUrlHandlerMapping] - Rejected bean name 'org.springframework.web.servlet.mvc.annotation.DefaultAnnotationHandlerMapping#0': no URL paths identified
2015-04-12 15:04:33,622 DEBUG [org.springframework.web.servlet.handler.BeanNameUrlHandlerMapping] - Rejected bean name 'org.springframework.format.support.FormattingConversionServiceFactoryBean#0': no URL paths identified
2015-04-12 15:04:33,622 DEBUG [org.springframework.web.servlet.handler.BeanNameUrlHandlerMapping] - Rejected bean name 'org.springframework.web.servlet.mvc.annotation.AnnotationMethodHandlerAdapter#1': no URL paths identified
2015-04-12 15:04:33,622 DEBUG [org.springframework.web.servlet.handler.BeanNameUrlHandlerMapping] - Rejected bean name 'org.springframework.web.servlet.handler.BeanNameUrlHandlerMapping#0': no URL paths identified
2015-04-12 15:04:33,622 DEBUG [org.springframework.web.servlet.handler.BeanNameUrlHandlerMapping] - Rejected bean name 'org.springframework.web.servlet.mvc.SimpleControllerHandlerAdapter#0': no URL paths identified
2015-04-12 15:04:33,622 DEBUG [org.springframework.web.servlet.handler.BeanNameUrlHandlerMapping] - Rejected bean name 'velocityConfig': no URL paths identified
2015-04-12 15:04:33,622 DEBUG [org.springframework.web.servlet.handler.BeanNameUrlHandlerMapping] - Rejected bean name 'viewResolver': no URL paths identified
2015-04-12 15:04:33,622 DEBUG [org.springframework.web.servlet.handler.BeanNameUrlHandlerMapping] - Rejected bean name 'servletConfig': no URL paths identified
2015-04-12 15:04:33,622 DEBUG [org.springframework.web.servlet.handler.BeanNameUrlHandlerMapping] - Rejected bean name 'messageSource': no URL paths identified
2015-04-12 15:04:33,622 DEBUG [org.springframework.web.servlet.handler.BeanNameUrlHandlerMapping] - Rejected bean name 'applicationEventMulticaster': no URL paths identified
2015-04-12 15:04:33,622 DEBUG [org.springframework.beans.factory.support.DefaultListableBeanFactory] - Finished creating instance of bean 'org.springframework.web.servlet.handler.BeanNameUrlHandlerMapping#0'
2015-04-12 15:04:33,622 DEBUG [org.springframework.beans.factory.support.DefaultListableBeanFactory] - Creating shared instance of singleton bean 'org.springframework.web.servlet.mvc.SimpleControllerHandlerAdapter#0'
2015-04-12 15:04:33,622 DEBUG [org.springframework.beans.factory.support.DefaultListableBeanFactory] - Creating instance of bean 'org.springframework.web.servlet.mvc.SimpleControllerHandlerAdapter#0'
2015-04-12 15:04:33,623 DEBUG [org.springframework.beans.factory.support.DefaultListableBeanFactory] - Eagerly caching bean 'org.springframework.web.servlet.mvc.SimpleControllerHandlerAdapter#0' to allow for resolving potential circular references
2015-04-12 15:04:33,627 DEBUG [org.springframework.beans.factory.support.DefaultListableBeanFactory] - Finished creating instance of bean 'org.springframework.web.servlet.mvc.SimpleControllerHandlerAdapter#0'
2015-04-12 15:04:33,627 DEBUG [org.springframework.beans.factory.support.DefaultListableBeanFactory] - Creating shared instance of singleton bean 'velocityConfig'
2015-04-12 15:04:33,627 DEBUG [org.springframework.beans.factory.support.DefaultListableBeanFactory] - Creating instance of bean 'velocityConfig'
2015-04-12 15:04:33,630 DEBUG [org.springframework.beans.factory.support.DefaultListableBeanFactory] - Eagerly caching bean 'velocityConfig' to allow for resolving potential circular references
2015-04-12 15:04:33,638 DEBUG [org.springframework.beans.factory.support.DefaultListableBeanFactory] - Invoking afterPropertiesSet() on bean with name 'velocityConfig'
2015-04-12 15:04:33,659 DEBUG [org.springframework.web.servlet.view.velocity.VelocityConfigurer] - Resource loader path [/WEB-INF/velocity] resolved to file [/Users/david/work/wacai_web/springmvc/src/main/webapp/WEB-INF/velocity]
2015-04-12 15:04:33,661 INFO [org.springframework.web.servlet.view.velocity.VelocityConfigurer] - ClasspathResourceLoader with name 'springMacro' added to configured VelocityEngine
2015-04-12 15:04:33,666 DEBUG [org.apache.velocity.app.VelocityEngine] - Starting Apache Velocity v1.5 (compiled: 2007-02-22 08:52:29)
2015-04-12 15:04:33,666 DEBUG [org.apache.velocity.app.VelocityEngine] - Default Properties File: org/apache/velocity/runtime/defaults/velocity.properties
2015-04-12 15:04:33,666 INFO [org.apache.velocity.app.VelocityEngine] - LogSystem has been deprecated. Please use a LogChute implementation.
2015-04-12 15:04:33,670 DEBUG [org.apache.velocity.app.VelocityEngine] - Default ResourceManager initializing. (class org.apache.velocity.runtime.resource.ResourceManagerImpl)
2015-04-12 15:04:33,672 DEBUG [org.apache.velocity.app.VelocityEngine] - ResourceLoader instantiated: org.apache.velocity.runtime.resource.loader.FileResourceLoader
2015-04-12 15:04:33,673 DEBUG [org.apache.velocity.app.VelocityEngine] - Do unicode file recognition:  false
2015-04-12 15:04:33,673 INFO [org.apache.velocity.app.VelocityEngine] - FileResourceLoader : adding path '/Users/david/work/wacai_web/springmvc/src/main/webapp/WEB-INF/velocity'
2015-04-12 15:04:33,674 DEBUG [org.apache.velocity.app.VelocityEngine] - ResourceLoader instantiated: org.apache.velocity.runtime.resource.loader.ClasspathResourceLoader
2015-04-12 15:04:33,691 DEBUG [org.apache.velocity.app.VelocityEngine] - ResourceCache: initialized (class org.apache.velocity.runtime.resource.ResourceCacheImpl)
2015-04-12 15:04:33,692 DEBUG [org.apache.velocity.app.VelocityEngine] - Loaded System Directive: org.apache.velocity.runtime.directive.Literal
2015-04-12 15:04:33,693 DEBUG [org.apache.velocity.app.VelocityEngine] - Loaded System Directive: org.apache.velocity.runtime.directive.Macro
2015-04-12 15:04:33,695 DEBUG [org.apache.velocity.app.VelocityEngine] - Loaded System Directive: org.apache.velocity.runtime.directive.Parse
2015-04-12 15:04:33,696 DEBUG [org.apache.velocity.app.VelocityEngine] - Loaded System Directive: org.apache.velocity.runtime.directive.Include
2015-04-12 15:04:33,697 DEBUG [org.apache.velocity.app.VelocityEngine] - Loaded System Directive: org.apache.velocity.runtime.directive.Foreach
2015-04-12 15:04:33,716 DEBUG [org.apache.velocity.app.VelocityEngine] - Created '20' parsers.
2015-04-12 15:04:33,722 DEBUG [org.apache.velocity.app.VelocityEngine] - Velocimacro : adding VMs from VM library : /macros.vm
2015-04-12 15:04:33,726 DEBUG [org.apache.velocity.app.VelocityEngine] - ResourceManager : found /macros.vm with loader org.apache.velocity.runtime.resource.loader.FileResourceLoader
2015-04-12 15:04:33,726 DEBUG [org.apache.velocity.app.VelocityEngine] - Velocimacro : adding VMs from VM library : org/springframework/web/servlet/view/velocity/spring.vm
2015-04-12 15:04:33,734 INFO [org.apache.velocity.app.VelocityEngine] - Velocimacro : added #springMessage(  code ) : source = org/springframework/web/servlet/view/velocity/spring.vm
2015-04-12 15:04:33,735 INFO [org.apache.velocity.app.VelocityEngine] - Velocimacro : added #springMessageText(  code text ) : source = org/springframework/web/servlet/view/velocity/spring.vm
2015-04-12 15:04:33,735 INFO [org.apache.velocity.app.VelocityEngine] - Velocimacro : added #springTheme(  code ) : source = org/springframework/web/servlet/view/velocity/spring.vm
2015-04-12 15:04:33,735 INFO [org.apache.velocity.app.VelocityEngine] - Velocimacro : added #springThemeText(  code text ) : source = org/springframework/web/servlet/view/velocity/spring.vm
2015-04-12 15:04:33,736 INFO [org.apache.velocity.app.VelocityEngine] - Velocimacro : added #springUrl(  relativeUrl ) : source = org/springframework/web/servlet/view/velocity/spring.vm
2015-04-12 15:04:33,741 INFO [org.apache.velocity.app.VelocityEngine] - Velocimacro : added #springBind(  path ) : source = org/springframework/web/servlet/view/velocity/spring.vm
2015-04-12 15:04:33,741 INFO [org.apache.velocity.app.VelocityEngine] - Velocimacro : added #springBindEscaped(  path htmlEscape ) : source = org/springframework/web/servlet/view/velocity/spring.vm
2015-04-12 15:04:33,743 INFO [org.apache.velocity.app.VelocityEngine] - Velocimacro : added #springFormInput(  path attributes ) : source = org/springframework/web/servlet/view/velocity/spring.vm
2015-04-12 15:04:33,744 INFO [org.apache.velocity.app.VelocityEngine] - Velocimacro : added #springFormPasswordInput(  path attributes ) : source = org/springframework/web/servlet/view/velocity/spring.vm
2015-04-12 15:04:33,745 INFO [org.apache.velocity.app.VelocityEngine] - Velocimacro : added #springFormHiddenInput(  path attributes ) : source = org/springframework/web/servlet/view/velocity/spring.vm
2015-04-12 15:04:33,746 INFO [org.apache.velocity.app.VelocityEngine] - Velocimacro : added #springFormTextarea(  path attributes ) : source = org/springframework/web/servlet/view/velocity/spring.vm
2015-04-12 15:04:33,748 INFO [org.apache.velocity.app.VelocityEngine] - Velocimacro : added #springFormSingleSelect(  path options attributes ) : source = org/springframework/web/servlet/view/velocity/spring.vm
2015-04-12 15:04:33,750 INFO [org.apache.velocity.app.VelocityEngine] - Velocimacro : added #springFormMultiSelect(  path options attributes ) : source = org/springframework/web/servlet/view/velocity/spring.vm
2015-04-12 15:04:33,751 INFO [org.apache.velocity.app.VelocityEngine] - Velocimacro : added #springFormRadioButtons(  path options separator attributes ) : source = org/springframework/web/servlet/view/velocity/spring.vm
2015-04-12 15:04:33,753 INFO [org.apache.velocity.app.VelocityEngine] - Velocimacro : added #springFormCheckboxes(  path options separator attributes ) : source = org/springframework/web/servlet/view/velocity/spring.vm
2015-04-12 15:04:33,754 INFO [org.apache.velocity.app.VelocityEngine] - Velocimacro : added #springFormCheckbox(  path attributes ) : source = org/springframework/web/servlet/view/velocity/spring.vm
2015-04-12 15:04:33,756 INFO [org.apache.velocity.app.VelocityEngine] - Velocimacro : added #springShowErrors(  separator classOrStyle ) : source = org/springframework/web/servlet/view/velocity/spring.vm
2015-04-12 15:04:33,757 INFO [org.apache.velocity.app.VelocityEngine] - Velocimacro : added #springCloseTag(  ) : source = org/springframework/web/servlet/view/velocity/spring.vm
2015-04-12 15:04:33,771 DEBUG [org.apache.velocity.app.VelocityEngine] - ResourceManager : found org/springframework/web/servlet/view/velocity/spring.vm with loader org.apache.velocity.runtime.resource.loader.ClasspathResourceLoader
2015-04-12 15:04:33,771 DEBUG [org.apache.velocity.app.VelocityEngine] - Velocimacro : allowInline = true : VMs can be defined inline in templates
2015-04-12 15:04:33,771 DEBUG [org.apache.velocity.app.VelocityEngine] - Velocimacro : allowInlineToOverride = false : VMs defined inline may NOT replace previous VM definitions
2015-04-12 15:04:33,771 DEBUG [org.apache.velocity.app.VelocityEngine] - Velocimacro : allowInlineLocal = false : VMs defined inline will be global in scope if allowed.
2015-04-12 15:04:33,771 INFO [org.apache.velocity.app.VelocityEngine] - Velocimacro : autoload on : VM system will automatically reload global library macros
2015-04-12 15:04:33,771 DEBUG [org.springframework.beans.factory.support.DefaultListableBeanFactory] - Finished creating instance of bean 'velocityConfig'
2015-04-12 15:04:33,771 DEBUG [org.springframework.beans.factory.support.DefaultListableBeanFactory] - Creating shared instance of singleton bean 'viewResolver'
2015-04-12 15:04:33,771 DEBUG [org.springframework.beans.factory.support.DefaultListableBeanFactory] - Creating instance of bean 'viewResolver'
2015-04-12 15:04:33,775 DEBUG [org.springframework.beans.factory.support.DefaultListableBeanFactory] - Eagerly caching bean 'viewResolver' to allow for resolving potential circular references
2015-04-12 15:04:33,793 DEBUG [org.springframework.beans.factory.support.DefaultListableBeanFactory] - Finished creating instance of bean 'viewResolver'
2015-04-12 15:04:33,793 DEBUG [org.springframework.web.context.support.XmlWebApplicationContext] - Unable to locate LifecycleProcessor with name 'lifecycleProcessor': using default [org.springframework.context.support.DefaultLifecycleProcessor@5385cd32]
2015-04-12 15:04:33,793 DEBUG [org.springframework.beans.factory.support.DefaultListableBeanFactory] - Returning cached instance of singleton bean 'lifecycleProcessor'
2015-04-12 15:04:33,794 DEBUG [org.springframework.web.servlet.DispatcherServlet] - Unable to locate MultipartResolver with name 'multipartResolver': no multipart request handling provided
2015-04-12 15:04:33,794 DEBUG [org.springframework.beans.factory.support.DefaultListableBeanFactory] - Creating instance of bean 'org.springframework.web.servlet.i18n.AcceptHeaderLocaleResolver'
2015-04-12 15:04:33,799 DEBUG [org.springframework.beans.factory.support.DefaultListableBeanFactory] - Finished creating instance of bean 'org.springframework.web.servlet.i18n.AcceptHeaderLocaleResolver'
2015-04-12 15:04:33,799 DEBUG [org.springframework.web.servlet.DispatcherServlet] - Unable to locate LocaleResolver with name 'localeResolver': using default [org.springframework.web.servlet.i18n.AcceptHeaderLocaleResolver@39f0fd1d]
2015-04-12 15:04:33,799 DEBUG [org.springframework.beans.factory.support.DefaultListableBeanFactory] - Creating instance of bean 'org.springframework.web.servlet.theme.FixedThemeResolver'
2015-04-12 15:04:33,805 DEBUG [org.springframework.beans.factory.support.DefaultListableBeanFactory] - Finished creating instance of bean 'org.springframework.web.servlet.theme.FixedThemeResolver'
2015-04-12 15:04:33,805 DEBUG [org.springframework.web.servlet.DispatcherServlet] - Unable to locate ThemeResolver with name 'themeResolver': using default [org.springframework.web.servlet.theme.FixedThemeResolver@38979240]
2015-04-12 15:04:33,805 DEBUG [org.springframework.beans.factory.support.DefaultListableBeanFactory] - Returning cached instance of singleton bean 'org.springframework.web.servlet.mvc.annotation.DefaultAnnotationHandlerMapping#0'
2015-04-12 15:04:33,805 DEBUG [org.springframework.beans.factory.support.DefaultListableBeanFactory] - Returning cached instance of singleton bean 'org.springframework.web.servlet.handler.BeanNameUrlHandlerMapping#0'
2015-04-12 15:04:33,806 DEBUG [org.springframework.beans.factory.support.DefaultListableBeanFactory] - Returning cached instance of singleton bean 'org.springframework.web.servlet.mvc.annotation.AnnotationMethodHandlerAdapter#0'
2015-04-12 15:04:33,806 DEBUG [org.springframework.beans.factory.support.DefaultListableBeanFactory] - Returning cached instance of singleton bean 'org.springframework.web.servlet.mvc.annotation.AnnotationMethodHandlerAdapter#1'
2015-04-12 15:04:33,806 DEBUG [org.springframework.beans.factory.support.DefaultListableBeanFactory] - Returning cached instance of singleton bean 'org.springframework.web.servlet.mvc.SimpleControllerHandlerAdapter#0'
2015-04-12 15:04:33,807 DEBUG [org.springframework.beans.factory.support.DefaultListableBeanFactory] - Creating instance of bean 'org.springframework.web.servlet.mvc.annotation.AnnotationMethodHandlerExceptionResolver'
2015-04-12 15:04:33,815 DEBUG [org.springframework.beans.factory.support.DefaultListableBeanFactory] - Finished creating instance of bean 'org.springframework.web.servlet.mvc.annotation.AnnotationMethodHandlerExceptionResolver'
2015-04-12 15:04:33,816 DEBUG [org.springframework.beans.factory.support.DefaultListableBeanFactory] - Creating instance of bean 'org.springframework.web.servlet.mvc.annotation.ResponseStatusExceptionResolver'
2015-04-12 15:04:33,822 DEBUG [org.springframework.beans.factory.support.DefaultListableBeanFactory] - Finished creating instance of bean 'org.springframework.web.servlet.mvc.annotation.ResponseStatusExceptionResolver'
2015-04-12 15:04:33,823 DEBUG [org.springframework.beans.factory.support.DefaultListableBeanFactory] - Creating instance of bean 'org.springframework.web.servlet.mvc.support.DefaultHandlerExceptionResolver'
2015-04-12 15:04:33,830 DEBUG [org.springframework.beans.factory.support.DefaultListableBeanFactory] - Finished creating instance of bean 'org.springframework.web.servlet.mvc.support.DefaultHandlerExceptionResolver'
2015-04-12 15:04:33,831 DEBUG [org.springframework.web.servlet.DispatcherServlet] - No HandlerExceptionResolvers found in servlet 'spring': using default
2015-04-12 15:04:33,831 DEBUG [org.springframework.beans.factory.support.DefaultListableBeanFactory] - Creating instance of bean 'org.springframework.web.servlet.view.DefaultRequestToViewNameTranslator'
2015-04-12 15:04:33,836 DEBUG [org.springframework.beans.factory.support.DefaultListableBeanFactory] - Finished creating instance of bean 'org.springframework.web.servlet.view.DefaultRequestToViewNameTranslator'
2015-04-12 15:04:33,836 DEBUG [org.springframework.web.servlet.DispatcherServlet] - Unable to locate RequestToViewNameTranslator with name 'viewNameTranslator': using default [org.springframework.web.servlet.view.DefaultRequestToViewNameTranslator@491cf1af]
2015-04-12 15:04:33,836 DEBUG [org.springframework.beans.factory.support.DefaultListableBeanFactory] - Returning cached instance of singleton bean 'viewResolver'
2015-04-12 15:04:33,837 DEBUG [org.springframework.web.servlet.DispatcherServlet] - Published WebApplicationContext of servlet 'spring' as ServletContext attribute with name [org.springframework.web.servlet.FrameworkServlet.CONTEXT.spring]
2015-04-12 15:04:33,837 INFO [org.springframework.web.servlet.DispatcherServlet] - FrameworkServlet 'spring': initialization completed in 1360 ms
2015-04-12 15:04:33,837 DEBUG [org.springframework.web.servlet.DispatcherServlet] - Servlet 'spring' configured successfully
